node:events:487
      throw er; // Unhandled 'error' event
      ^

Error: ENOENT: no such file or directory, open 'c:\Relisant\BaBookCorner\frontend\build\index.html'
Emitted 'error' event on ReadStream instance at:
    at emitErrorNT (node:internal/streams/destroy:170:8)
    at emitErrorCloseNT (node:internal/streams/destroy:129:3)
    at process.processTicksAndRejections (node:internal/process/task_queues:90:21) {
  errno: -4058,
  code: 'ENOENT',
  syscall: 'open',
  path: 'c:\\Relisant\\BaBookCorner\\frontend\\build\\index.html'
}

Node.js v24.15.0
node:events:487
      throw er; // Unhandled 'error' event
      ^

Error: ENOENT: no such file or directory, open 'c:\Relisant\BaBookCorner\frontend\build\index.html'
Emitted 'error' event on ReadStream instance at:
    at emitErrorNT (node:internal/streams/destroy:170:8)
    at emitErrorCloseNT (node:internal/streams/destroy:129:3)
    at process.processTicksAndRejections (node:internal/process/task_queues:90:21) {
  errno: -4058,
  code: 'ENOENT',
  syscall: 'open',
  path: 'c:\\Relisant\\BaBookCorner\\frontend\\build\\index.html'
}

Node.js v24.15.0
node:events:487
      throw er; // Unhandled 'error' event
      ^

Error: ENOENT: no such file or directory, open 'c:\Relisant\BaBookCorner\frontend\build\index.html'
Emitted 'error' event on ReadStream instance at:
    at emitErrorNT (node:internal/streams/destroy:170:8)
    at emitErrorCloseNT (node:internal/streams/destroy:129:3)
    at process.processTicksAndRejections (node:internal/process/task_queues:90:21) {
  errno: -4058,
  code: 'ENOENT',
  syscall: 'open',
  path: 'c:\\Relisant\\BaBookCorner\\frontend\\build\\index.html'
}

Node.js v24.15.0
